ERROR - 2025-10-31 03:45:29 --> mysqli_sql_exception: Duplicate column name 'claimed_by' in C:\xampp\htdocs\LostAndFoundManagement\system\Database\MySQLi\Connection.php:327
Stack trace:
#0 C:\xampp\htdocs\LostAndFoundManagement\system\Database\MySQLi\Connection.php(327): mysqli->query('ALTER TABLE `fo...', 0)
#1 C:\xampp\htdocs\LostAndFoundManagement\system\Database\BaseConnection.php(729): CodeIgniter\Database\MySQLi\Connection->execute('ALTER TABLE `fo...')
#2 C:\xampp\htdocs\LostAndFoundManagement\system\Database\BaseConnection.php(646): CodeIgniter\Database\BaseConnection->simpleQuery('ALTER TABLE `fo...')
#3 C:\xampp\htdocs\LostAndFoundManagement\system\Database\Forge.php(772): CodeIgniter\Database\BaseConnection->query('ALTER TABLE `fo...')
#4 C:\xampp\htdocs\LostAndFoundManagement\app\Database\Migrations\2025-10-31-034449_AddClaimFieldsToFoundItems.php(25): CodeIgniter\Database\Forge->addColumn('found_items', Array)
#5 C:\xampp\htdocs\LostAndFoundManagement\system\Database\MigrationRunner.php(876): App\Database\Migrations\AddClaimFieldsToFoundItems->up()
#6 C:\xampp\htdocs\LostAndFoundManagement\system\Database\MigrationRunner.php(182): CodeIgniter\Database\MigrationRunner->migrate('up', Object(stdClass))
#7 C:\xampp\htdocs\LostAndFoundManagement\system\Commands\Database\Migrate.php(85): CodeIgniter\Database\MigrationRunner->latest(NULL)
#8 C:\xampp\htdocs\LostAndFoundManagement\system\CLI\Commands.php(74): CodeIgniter\Commands\Database\Migrate->run(Array)
#9 C:\xampp\htdocs\LostAndFoundManagement\system\CLI\Console.php(47): CodeIgniter\CLI\Commands->run('migrate', Array)
#10 C:\xampp\htdocs\LostAndFoundManagement\system\Boot.php(388): CodeIgniter\CLI\Console->run()
#11 C:\xampp\htdocs\LostAndFoundManagement\system\Boot.php(133): CodeIgniter\Boot::runCommand(Object(CodeIgniter\CLI\Console))
#12 C:\xampp\htdocs\LostAndFoundManagement\spark(87): CodeIgniter\Boot::bootSpark(Object(Config\Paths))
#13 {main}
ERROR - 2025-10-31 03:56:51 --> mysqli_sql_exception: Duplicate column name 'claimed_by' in C:\xampp\htdocs\LostAndFoundManagement\system\Database\MySQLi\Connection.php:327
Stack trace:
#0 C:\xampp\htdocs\LostAndFoundManagement\system\Database\MySQLi\Connection.php(327): mysqli->query('ALTER TABLE `fo...', 0)
#1 C:\xampp\htdocs\LostAndFoundManagement\system\Database\BaseConnection.php(729): CodeIgniter\Database\MySQLi\Connection->execute('ALTER TABLE `fo...')
#2 C:\xampp\htdocs\LostAndFoundManagement\system\Database\BaseConnection.php(646): CodeIgniter\Database\BaseConnection->simpleQuery('ALTER TABLE `fo...')
#3 C:\xampp\htdocs\LostAndFoundManagement\system\Database\Forge.php(772): CodeIgniter\Database\BaseConnection->query('ALTER TABLE `fo...')
#4 C:\xampp\htdocs\LostAndFoundManagement\app\Database\Migrations\2025-10-31-034449_AddClaimFieldsToFoundItems.php(25): CodeIgniter\Database\Forge->addColumn('found_items', Array)
#5 C:\xampp\htdocs\LostAndFoundManagement\system\Database\MigrationRunner.php(876): App\Database\Migrations\AddClaimFieldsToFoundItems->up()
#6 C:\xampp\htdocs\LostAndFoundManagement\system\Database\MigrationRunner.php(182): CodeIgniter\Database\MigrationRunner->migrate('up', Object(stdClass))
#7 C:\xampp\htdocs\LostAndFoundManagement\system\Commands\Database\Migrate.php(85): CodeIgniter\Database\MigrationRunner->latest(NULL)
#8 C:\xampp\htdocs\LostAndFoundManagement\system\CLI\Commands.php(74): CodeIgniter\Commands\Database\Migrate->run(Array)
#9 C:\xampp\htdocs\LostAndFoundManagement\system\CLI\Console.php(47): CodeIgniter\CLI\Commands->run('migrate', Array)
#10 C:\xampp\htdocs\LostAndFoundManagement\system\Boot.php(388): CodeIgniter\CLI\Console->run()
#11 C:\xampp\htdocs\LostAndFoundManagement\system\Boot.php(133): CodeIgniter\Boot::runCommand(Object(CodeIgniter\CLI\Console))
#12 C:\xampp\htdocs\LostAndFoundManagement\spark(87): CodeIgniter\Boot::bootSpark(Object(Config\Paths))
#13 {main}
ERROR - 2025-10-31 04:23:35 --> mysqli_sql_exception: Table 'claimed_items' already exists in C:\xampp\htdocs\LostAndFoundManagement\system\Database\MySQLi\Connection.php:327
Stack trace:
#0 C:\xampp\htdocs\LostAndFoundManagement\system\Database\MySQLi\Connection.php(327): mysqli->query('CREATE TABLE `c...', 0)
#1 C:\xampp\htdocs\LostAndFoundManagement\system\Database\BaseConnection.php(729): CodeIgniter\Database\MySQLi\Connection->execute('CREATE TABLE `c...')
#2 C:\xampp\htdocs\LostAndFoundManagement\system\Database\BaseConnection.php(646): CodeIgniter\Database\BaseConnection->simpleQuery('CREATE TABLE `c...')
#3 C:\xampp\htdocs\LostAndFoundManagement\system\Database\Forge.php(570): CodeIgniter\Database\BaseConnection->query('CREATE TABLE `c...')
#4 C:\xampp\htdocs\LostAndFoundManagement\app\Database\Migrations\2025-10-31-042320_CreateClaimedItemsTable.php(52): CodeIgniter\Database\Forge->createTable('claimed_items')
#5 C:\xampp\htdocs\LostAndFoundManagement\system\Database\MigrationRunner.php(876): App\Database\Migrations\CreateClaimedItemsTable->up()
#6 C:\xampp\htdocs\LostAndFoundManagement\system\Database\MigrationRunner.php(182): CodeIgniter\Database\MigrationRunner->migrate('up', Object(stdClass))
#7 C:\xampp\htdocs\LostAndFoundManagement\system\Commands\Database\Migrate.php(85): CodeIgniter\Database\MigrationRunner->latest(NULL)
#8 C:\xampp\htdocs\LostAndFoundManagement\system\CLI\Commands.php(74): CodeIgniter\Commands\Database\Migrate->run(Array)
#9 C:\xampp\htdocs\LostAndFoundManagement\system\CLI\Console.php(47): CodeIgniter\CLI\Commands->run('migrate', Array)
#10 C:\xampp\htdocs\LostAndFoundManagement\system\Boot.php(388): CodeIgniter\CLI\Console->run()
#11 C:\xampp\htdocs\LostAndFoundManagement\system\Boot.php(133): CodeIgniter\Boot::runCommand(Object(CodeIgniter\CLI\Console))
#12 C:\xampp\htdocs\LostAndFoundManagement\spark(87): CodeIgniter\Boot::bootSpark(Object(Config\Paths))
#13 {main}
DEBUG - 2025-10-31 07:52:16 --> Session: Class initialized using 'CodeIgniter\Session\Handlers\FileHandler' driver.
DEBUG - 2025-10-31 07:59:48 --> Session: Class initialized using 'CodeIgniter\Session\Handlers\FileHandler' driver.
DEBUG - 2025-10-31 08:03:59 --> Session: Class initialized using 'CodeIgniter\Session\Handlers\FileHandler' driver.
DEBUG - 2025-10-31 08:05:44 --> Session: Class initialized using 'CodeIgniter\Session\Handlers\FileHandler' driver.
DEBUG - 2025-10-31 08:07:14 --> Session: Class initialized using 'CodeIgniter\Session\Handlers\FileHandler' driver.
CRITICAL - 2025-10-31 09:43:04 --> ErrorException: Undefined variable $user
[Method: GET, Route: dashboard]
in APPPATH\Controllers\Dashboard.php on line 21.
 1 APPPATH\Controllers\Dashboard.php(21): CodeIgniter\Debug\Exceptions->errorHandler(2, 'Undefined variable $user', 'C:\\xampp\\htdocs\\LostAndFoundManagement\\app\\Controllers\\Dashboard.php', 21)
 2 SYSTEMPATH\Autoloader\Autoloader.php(315): include_once('C:\\xampp\\htdocs\\LostAndFoundManagement\\app\\Controllers\\Dashboard.php')
 3 SYSTEMPATH\Autoloader\Autoloader.php(295): CodeIgniter\Autoloader\Autoloader->includeFile('C:\\xampp\\htdocs\\LostAndFoundManagement\\app\\Controllers\\Dashboard.php')
 4 SYSTEMPATH\Autoloader\Autoloader.php(271): CodeIgniter\Autoloader\Autoloader->loadInNamespace('App\\Controllers\\Dashboard')
 5 [internal function]: CodeIgniter\Autoloader\Autoloader->loadClass('App\\Controllers\\Dashboard')
 6 SYSTEMPATH\CodeIgniter.php(885): class_exists('\\App\\Controllers\\Dashboard', true)
 7 SYSTEMPATH\CodeIgniter.php(494): CodeIgniter\CodeIgniter->startController()
 8 SYSTEMPATH\CodeIgniter.php(354): CodeIgniter\CodeIgniter->handleRequest(null, Object(Config\Cache), false)
 9 SYSTEMPATH\Boot.php(363): CodeIgniter\CodeIgniter->run()
10 SYSTEMPATH\Boot.php(68): CodeIgniter\Boot::runCodeIgniter(Object(CodeIgniter\CodeIgniter))
11 FCPATH\index.php(59): CodeIgniter\Boot::bootWeb(Object(Config\Paths))
12 SYSTEMPATH\rewrite.php(44): require_once('C:\\xampp\\htdocs\\LostAndFoundManagement\\public\\index.php')
DEBUG - 2025-10-31 09:43:10 --> Session: Class initialized using 'CodeIgniter\Session\Handlers\FileHandler' driver.
